[debug] [2023-06-29T07:32:18.659Z] ----------------------------------------------------------------------
[debug] [2023-06-29T07:32:18.661Z] Command:       C:\Program Files\nodejs\node.exe C:\Users\aman1\AppData\Roaming\npm\node_modules\firebase-tools\lib\bin\firebase.js emulators:start
[debug] [2023-06-29T07:32:18.661Z] CLI Version:   12.4.0
[debug] [2023-06-29T07:32:18.661Z] Platform:      win32
[debug] [2023-06-29T07:32:18.662Z] Node Version:  v16.15.0
[debug] [2023-06-29T07:32:18.668Z] Time:          Thu Jun 29 2023 13:02:18 GMT+0530 (India Standard Time)
[debug] [2023-06-29T07:32:18.668Z] ----------------------------------------------------------------------
[debug] 
[debug] [2023-06-29T07:32:18.672Z] >>> [apiv2][query] GET https://firebase-public.firebaseio.com/cli.json [none]
[debug] [2023-06-29T07:32:18.767Z] > command requires scopes: ["email","openid","https://www.googleapis.com/auth/cloudplatformprojects.readonly","https://www.googleapis.com/auth/firebase","https://www.googleapis.com/auth/cloud-platform"]
[debug] [2023-06-29T07:32:18.767Z] > authorizing via signed-in user (aman16singh2001@gmail.com)
[info] i  emulators: Starting emulators: functions, hosting {"metadata":{"emulator":{"name":"hub"},"message":"Starting emulators: functions, hosting"}}
[debug] [2023-06-29T07:32:18.782Z] [logging] Logging Emulator only supports listening on one address (127.0.0.1). Not listening on ::1
[debug] [2023-06-29T07:32:18.783Z] [hosting] Hosting Emulator only supports listening on one address (127.0.0.1). Not listening on ::1
[debug] [2023-06-29T07:32:18.783Z] assigned listening specs for emulators {"user":{"hub":[{"address":"127.0.0.1","family":"IPv4","port":4400},{"address":"::1","family":"IPv6","port":4400}],"ui":[{"address":"127.0.0.1","family":"IPv4","port":4000},{"address":"::1","family":"IPv6","port":4000}],"logging":[{"address":"127.0.0.1","family":"IPv4","port":4500}],"hosting":[{"address":"127.0.0.1","family":"IPv4","port":5000}]},"metadata":{"message":"assigned listening specs for emulators"}}
[debug] [2023-06-29T07:32:18.803Z] [hub] writing locator at C:\Users\aman1\AppData\Local\Temp\hub-woo-commerce-941c8.json
[debug] [2023-06-29T07:32:18.837Z] [functions] Functions Emulator only supports listening on one address (127.0.0.1). Not listening on ::1
[debug] [2023-06-29T07:32:18.837Z] [eventarc] Eventarc Emulator only supports listening on one address (127.0.0.1). Not listening on ::1
[debug] [2023-06-29T07:32:18.837Z] late-assigned ports for functions and eventarc emulators {"user":{"hub":[{"address":"127.0.0.1","family":"IPv4","port":4400},{"address":"::1","family":"IPv6","port":4400}],"ui":[{"address":"127.0.0.1","family":"IPv4","port":4000},{"address":"::1","family":"IPv6","port":4000}],"logging":[{"address":"127.0.0.1","family":"IPv4","port":4500}],"hosting":[{"address":"127.0.0.1","family":"IPv4","port":5000}],"functions":[{"address":"127.0.0.1","family":"IPv4","port":5001}],"eventarc":[{"address":"127.0.0.1","family":"IPv4","port":9299}]},"metadata":{"message":"late-assigned ports for functions and eventarc emulators"}}
[warn] !  functions: The following emulators are not running, calls to these services from the Functions emulator will affect production: auth, firestore, database, pubsub, storage {"metadata":{"emulator":{"name":"functions"},"message":"The following emulators are not running, calls to these services from the Functions emulator will affect production: \u001b[1mauth, firestore, database, pubsub, storage\u001b[22m"}}
[debug] [2023-06-29T07:32:18.847Z] defaultcredentials: writing to file C:\Users\aman1\AppData\Roaming\firebase\aman16singh2001_gmail_com_application_default_credentials.json
[debug] [2023-06-29T07:32:18.854Z] Setting GAC to C:\Users\aman1\AppData\Roaming\firebase\aman16singh2001_gmail_com_application_default_credentials.json {"metadata":{"emulator":{"name":"functions"},"message":"Setting GAC to C:\\Users\\aman1\\AppData\\Roaming\\firebase\\aman16singh2001_gmail_com_application_default_credentials.json"}}
[debug] [2023-06-29T07:32:18.856Z] > refreshing access token with scopes: []
[debug] [2023-06-29T07:32:18.857Z] >>> [apiv2][query] POST https://www.googleapis.com/oauth2/v3/token [none]
[debug] [2023-06-29T07:32:18.857Z] >>> [apiv2][body] POST https://www.googleapis.com/oauth2/v3/token [omitted]
[debug] [2023-06-29T07:32:19.484Z] <<< [apiv2][status] GET https://firebase-public.firebaseio.com/cli.json 200
[debug] [2023-06-29T07:32:19.484Z] <<< [apiv2][body] GET https://firebase-public.firebaseio.com/cli.json {"cloudBuildErrorAfter":1594252800000,"cloudBuildWarnAfter":1590019200000,"defaultNode10After":1594252800000,"minVersion":"3.0.5","node8DeploysDisabledAfter":1613390400000,"node8RuntimeDisabledAfter":1615809600000,"node8WarnAfter":1600128000000}
[debug] [2023-06-29T07:32:19.498Z] <<< [apiv2][status] POST https://www.googleapis.com/oauth2/v3/token 200
[debug] [2023-06-29T07:32:19.498Z] <<< [apiv2][body] POST https://www.googleapis.com/oauth2/v3/token [omitted]
[debug] [2023-06-29T07:32:19.508Z] >>> [apiv2][query] GET https://firebase.googleapis.com/v1beta1/projects/woo-commerce-941c8/adminSdkConfig [none]
[debug] [2023-06-29T07:32:20.062Z] <<< [apiv2][status] GET https://firebase.googleapis.com/v1beta1/projects/woo-commerce-941c8/adminSdkConfig 200
[debug] [2023-06-29T07:32:20.062Z] <<< [apiv2][body] GET https://firebase.googleapis.com/v1beta1/projects/woo-commerce-941c8/adminSdkConfig {"projectId":"woo-commerce-941c8","storageBucket":"woo-commerce-941c8.appspot.com"}
[debug] [2023-06-29T07:32:20.081Z] >>> [apiv2][query] GET https://firebasehosting.googleapis.com/v1beta1/projects/woo-commerce-941c8/sites 
[debug] [2023-06-29T07:32:21.357Z] <<< [apiv2][status] GET https://firebasehosting.googleapis.com/v1beta1/projects/woo-commerce-941c8/sites 200
[debug] [2023-06-29T07:32:21.357Z] <<< [apiv2][body] GET https://firebasehosting.googleapis.com/v1beta1/projects/woo-commerce-941c8/sites {"sites":[{"name":"projects/woo-commerce-941c8/sites/woo-commerce-941c8","defaultUrl":"https://woo-commerce-941c8.web.app","appId":"1:152483209772:web:5a38a2a870eba82958a789","type":"DEFAULT_SITE"}]}
[debug] [2023-06-29T07:32:21.357Z] >>> [apiv2][query] GET https://firebase.googleapis.com/v1beta1/projects/woo-commerce-941c8/webApps/1:152483209772:web:5a38a2a870eba82958a789/config [none]
[debug] [2023-06-29T07:32:22.766Z] <<< [apiv2][status] GET https://firebase.googleapis.com/v1beta1/projects/woo-commerce-941c8/webApps/1:152483209772:web:5a38a2a870eba82958a789/config 200
[debug] [2023-06-29T07:32:22.766Z] <<< [apiv2][body] GET https://firebase.googleapis.com/v1beta1/projects/woo-commerce-941c8/webApps/1:152483209772:web:5a38a2a870eba82958a789/config {"projectId":"woo-commerce-941c8","appId":"1:152483209772:web:5a38a2a870eba82958a789","storageBucket":"woo-commerce-941c8.appspot.com","apiKey":"AIzaSyBpkK0wfKLQ03LOgEfp0c49tQ-HsdLSRQo","authDomain":"woo-commerce-941c8.firebaseapp.com","messagingSenderId":"152483209772"}
[debug] [2023-06-29T07:32:22.772Z] >>> [apiv2][query] GET https://firebase.googleapis.com/v1beta1/projects/woo-commerce-941c8 [none]
[debug] [2023-06-29T07:32:23.314Z] <<< [apiv2][status] GET https://firebase.googleapis.com/v1beta1/projects/woo-commerce-941c8 200
[debug] [2023-06-29T07:32:23.314Z] <<< [apiv2][body] GET https://firebase.googleapis.com/v1beta1/projects/woo-commerce-941c8 {"projectId":"woo-commerce-941c8","projectNumber":"152483209772","displayName":"woo-commerce","name":"projects/woo-commerce-941c8","resources":{"hostingSite":"woo-commerce-941c8"},"state":"ACTIVE","etag":"1_00d0253b-f00b-4046-8d71-563034f40ba9"}
[info] i  hosting[woo-commerce-941c8]: Serving hosting files from: build {"metadata":{"emulator":{"name":"hosting"},"message":"Serving hosting files from: \u001b[1mbuild\u001b[22m"}}
[info] +  hosting[woo-commerce-941c8]: Local server: http://127.0.0.1:5000 {"metadata":{"emulator":{"name":"hosting"},"message":"Local server: \u001b[4m\u001b[1mhttp://127.0.0.1:5000\u001b[22m\u001b[24m"}}
[debug] [2023-06-29T07:32:23.349Z] Ignoring unsupported arg: auto_download {"metadata":{"emulator":{"name":"ui"},"message":"Ignoring unsupported arg: auto_download"}}
[debug] [2023-06-29T07:32:23.349Z] Ignoring unsupported arg: port {"metadata":{"emulator":{"name":"ui"},"message":"Ignoring unsupported arg: port"}}
[debug] [2023-06-29T07:32:23.349Z] Starting Emulator UI with command {"binary":"node","args":["C:\\Users\\aman1\\.cache\\firebase\\emulators\\ui-v1.11.6\\server\\server.js"],"optionalArgs":[],"joinArgs":false} {"metadata":{"emulator":{"name":"ui"},"message":"Starting Emulator UI with command {\"binary\":\"node\",\"args\":[\"C:\\\\Users\\\\aman1\\\\.cache\\\\firebase\\\\emulators\\\\ui-v1.11.6\\\\server\\\\server.js\"],\"optionalArgs\":[],\"joinArgs\":false}"}}
[info] i  ui: Emulator UI logging to ui-debug.log {"metadata":{"emulator":{"name":"ui"},"message":"Emulator UI logging to \u001b[1mui-debug.log\u001b[22m"}}
[debug] [2023-06-29T07:32:23.504Z] Web / API server started at 127.0.0.1:4000
 {"metadata":{"emulator":{"name":"ui"},"message":"Web / API server started at 127.0.0.1:4000\n"}}
[debug] [2023-06-29T07:32:23.505Z] Web / API server started at ::1:4000
 {"metadata":{"emulator":{"name":"ui"},"message":"Web / API server started at ::1:4000\n"}}
[info] i  functions: Watching "C:\Users\aman1\OneDrive\Desktop\React\React Project\woo-commerce-v2\functions" for Cloud Functions... {"metadata":{"emulator":{"name":"functions"},"message":"Watching \"C:\\Users\\aman1\\OneDrive\\Desktop\\React\\React Project\\woo-commerce-v2\\functions\" for Cloud Functions..."}}
[debug] [2023-06-29T07:32:23.625Z] Validating nodejs source
[debug] [2023-06-29T07:32:25.067Z] > [functions] package.json contents: {
  "name": "functions",
  "description": "Cloud Functions for Firebase",
  "scripts": {
    "lint": "eslint .",
    "serve": "firebase emulators:start --only functions",
    "shell": "firebase functions:shell",
    "start": "npm run shell",
    "deploy": "firebase deploy --only functions",
    "logs": "firebase functions:log"
  },
  "engines": {
    "node": "18"
  },
  "main": "index.js",
  "dependencies": {
    "cors": "^2.8.5",
    "express": "^4.18.2",
    "firebase-admin": "^11.8.0",
    "firebase-functions": "^4.3.1",
    "firebase-tools": "^12.4.0",
    "stripe": "^12.10.0"
  },
  "devDependencies": {
    "eslint": "^8.15.0",
    "eslint-config-google": "^0.14.0",
    "firebase-functions-test": "^3.1.0"
  },
  "private": true
}
[debug] [2023-06-29T07:32:25.067Z] Building nodejs source
[debug] [2023-06-29T07:32:25.068Z] Failed to find version of module node: reached end of search path C:\Users\aman1\OneDrive\Desktop\React\React Project\woo-commerce-v2\functions\node_modules
[warn] !  functions: Your requested "node" version "18" doesn't match your global version "16". Using node@16 from host. 
[debug] [2023-06-29T07:32:25.071Z] Could not find functions.yaml. Must use http discovery
[debug] [2023-06-29T07:32:25.079Z] Found firebase-functions binary at 'C:\Users\aman1\OneDrive\Desktop\React\React Project\woo-commerce-v2\functions\node_modules\.bin\firebase-functions'
[debug] [2023-06-29T07:32:25.553Z] Serving at port 8108

[debug] [2023-06-29T07:32:26.330Z] Got response from /__/functions.yaml {"endpoints":{"api":{"platform":"gcfv1","availableMemoryMb":null,"timeoutSeconds":null,"minInstances":null,"maxInstances":null,"ingressSettings":null,"serviceAccountEmail":null,"vpc":null,"httpsTrigger":{},"entryPoint":"api"}},"specVersion":"v1alpha1","requiredAPIs":[]}
[debug] [2023-06-29T07:32:26.338Z] shutdown requested via /__/quitquitquit

[info] +  functions: Loaded functions definitions from source: api. {"metadata":{"emulator":{"name":"functions"},"message":"Loaded functions definitions from source: api."}}
[info] +  functions[us-central1-api]: http function initialized (http://127.0.0.1:5001/woo-commerce-941c8/us-central1/api). {"metadata":{"emulator":{"name":"functions"},"message":"\u001b[1mhttp\u001b[22m function initialized (http://127.0.0.1:5001/woo-commerce-941c8/us-central1/api)."}}
[info] 
┌─────────────────────────────────────────────────────────────┐
│ ✔  All emulators ready! It is now safe to connect your app. │
│ i  View Emulator UI at http://127.0.0.1:4000/               │
└─────────────────────────────────────────────────────────────┘

┌───────────┬────────────────┬─────────────────────────────────┐
│ Emulator  │ Host:Port      │ View in Emulator UI             │
├───────────┼────────────────┼─────────────────────────────────┤
│ Functions │ 127.0.0.1:5001 │ http://127.0.0.1:4000/functions │
├───────────┼────────────────┼─────────────────────────────────┤
│ Hosting   │ 127.0.0.1:5000 │ n/a                             │
└───────────┴────────────────┴─────────────────────────────────┘
  Emulator Hub running at 127.0.0.1:4400
  Other reserved ports: 4500

Issues? Report them at https://github.com/firebase/firebase-tools/issues and attach the *-debug.log files.
 
[debug] [2023-06-29T07:34:18.973Z] [work-queue] {"queuedWork":["/woo-commerce-941c8/us-central1/api-2023-06-29T07:34:18.972Z"],"queueLength":1,"runningWork":[],"workRunningCount":0}
[debug] [2023-06-29T07:34:18.973Z] [work-queue] {"queuedWork":[],"queueLength":0,"runningWork":["/woo-commerce-941c8/us-central1/api-2023-06-29T07:34:18.972Z"],"workRunningCount":1}
[debug] [2023-06-29T07:34:18.973Z] Accepted request GET /woo-commerce-941c8/us-central1/api --> us-central1-api
[debug] [2023-06-29T07:34:18.977Z] [functions] Runtime ready! Sending request! {"metadata":{"emulator":{"name":"functions"},"message":"[functions] Runtime ready! Sending request!"}}
[debug] [2023-06-29T07:34:18.978Z] [functions] Got req.url=/woo-commerce-941c8/us-central1/api, mapping to path=/ {"metadata":{"emulator":{"name":"functions"},"message":"[functions] Got req.url=/woo-commerce-941c8/us-central1/api, mapping to path=/"}}
[debug] [2023-06-29T07:34:19.004Z] [worker-pool] addWorker(us-central1-api) {"metadata":{"emulator":{"name":"functions"},"message":"[worker-pool] addWorker(us-central1-api)"}}
[debug] [2023-06-29T07:34:19.006Z] [worker-pool] Adding worker with key us-central1-api, total=1 {"metadata":{"emulator":{"name":"functions"},"message":"[worker-pool] Adding worker with key us-central1-api, total=1"}}
[debug] [2023-06-29T07:34:20.449Z] [runtime-status] [20076] Resolved module firebase-admin {"declared":true,"installed":true,"version":"11.9.0","resolution":"C:\\Users\\aman1\\OneDrive\\Desktop\\React\\React Project\\woo-commerce-v2\\functions\\node_modules\\firebase-admin\\lib\\index.js"} {"metadata":{"emulator":{"name":"functions"},"function":{"name":"us-central1-api"},"extension":{},"message":"[runtime-status] [20076] Resolved module firebase-admin {\"declared\":true,\"installed\":true,\"version\":\"11.9.0\",\"resolution\":\"C:\\\\Users\\\\aman1\\\\OneDrive\\\\Desktop\\\\React\\\\React Project\\\\woo-commerce-v2\\\\functions\\\\node_modules\\\\firebase-admin\\\\lib\\\\index.js\"}"}}
[debug] [2023-06-29T07:34:20.449Z] [runtime-status] [20076] Resolved module firebase-functions {"declared":true,"installed":true,"version":"4.4.1","resolution":"C:\\Users\\aman1\\OneDrive\\Desktop\\React\\React Project\\woo-commerce-v2\\functions\\node_modules\\firebase-functions\\lib\\v1\\index.js"} {"metadata":{"emulator":{"name":"functions"},"function":{"name":"us-central1-api"},"extension":{},"message":"[runtime-status] [20076] Resolved module firebase-functions {\"declared\":true,\"installed\":true,\"version\":\"4.4.1\",\"resolution\":\"C:\\\\Users\\\\aman1\\\\OneDrive\\\\Desktop\\\\React\\\\React Project\\\\woo-commerce-v2\\\\functions\\\\node_modules\\\\firebase-functions\\\\lib\\\\v1\\\\index.js\"}"}}
[debug] [2023-06-29T07:34:20.450Z] [runtime-status] [20076] Outgoing network have been stubbed. [{"name":"http","status":"mocked"},{"name":"http","status":"mocked"},{"name":"https","status":"mocked"},{"name":"https","status":"mocked"},{"name":"net","status":"mocked"}] {"metadata":{"emulator":{"name":"functions"},"function":{"name":"us-central1-api"},"extension":{},"message":"[runtime-status] [20076] Outgoing network have been stubbed. [{\"name\":\"http\",\"status\":\"mocked\"},{\"name\":\"http\",\"status\":\"mocked\"},{\"name\":\"https\",\"status\":\"mocked\"},{\"name\":\"https\",\"status\":\"mocked\"},{\"name\":\"net\",\"status\":\"mocked\"}]"}}
[debug] [2023-06-29T07:34:20.451Z] [runtime-status] [20076] Resolved module firebase-functions {"declared":true,"installed":true,"version":"4.4.1","resolution":"C:\\Users\\aman1\\OneDrive\\Desktop\\React\\React Project\\woo-commerce-v2\\functions\\node_modules\\firebase-functions\\lib\\v1\\index.js"} {"metadata":{"emulator":{"name":"functions"},"function":{"name":"us-central1-api"},"extension":{},"message":"[runtime-status] [20076] Resolved module firebase-functions {\"declared\":true,\"installed\":true,\"version\":\"4.4.1\",\"resolution\":\"C:\\\\Users\\\\aman1\\\\OneDrive\\\\Desktop\\\\React\\\\React Project\\\\woo-commerce-v2\\\\functions\\\\node_modules\\\\firebase-functions\\\\lib\\\\v1\\\\index.js\"}"}}
[debug] [2023-06-29T07:34:20.762Z] [runtime-status] [20076] Checked functions.config() {"config":{}} {"metadata":{"emulator":{"name":"functions"},"function":{"name":"us-central1-api"},"extension":{},"message":"[runtime-status] [20076] Checked functions.config() {\"config\":{}}"}}
[debug] [2023-06-29T07:34:20.762Z] [runtime-status] [20076] firebase-functions has been stubbed. {"functionsResolution":{"declared":true,"installed":true,"version":"4.4.1","resolution":"C:\\Users\\aman1\\OneDrive\\Desktop\\React\\React Project\\woo-commerce-v2\\functions\\node_modules\\firebase-functions\\lib\\v1\\index.js"}} {"metadata":{"emulator":{"name":"functions"},"function":{"name":"us-central1-api"},"extension":{},"message":"[runtime-status] [20076] firebase-functions has been stubbed. {\"functionsResolution\":{\"declared\":true,\"installed\":true,\"version\":\"4.4.1\",\"resolution\":\"C:\\\\Users\\\\aman1\\\\OneDrive\\\\Desktop\\\\React\\\\React Project\\\\woo-commerce-v2\\\\functions\\\\node_modules\\\\firebase-functions\\\\lib\\\\v1\\\\index.js\"}}"}}
[debug] [2023-06-29T07:34:20.763Z] [runtime-status] [20076] Resolved module firebase-functions {"declared":true,"installed":true,"version":"4.4.1","resolution":"C:\\Users\\aman1\\OneDrive\\Desktop\\React\\React Project\\woo-commerce-v2\\functions\\node_modules\\firebase-functions\\lib\\v1\\index.js"} {"metadata":{"emulator":{"name":"functions"},"function":{"name":"us-central1-api"},"extension":{},"message":"[runtime-status] [20076] Resolved module firebase-functions {\"declared\":true,\"installed\":true,\"version\":\"4.4.1\",\"resolution\":\"C:\\\\Users\\\\aman1\\\\OneDrive\\\\Desktop\\\\React\\\\React Project\\\\woo-commerce-v2\\\\functions\\\\node_modules\\\\firebase-functions\\\\lib\\\\v1\\\\index.js\"}"}}
[debug] [2023-06-29T07:34:20.765Z] [runtime-status] [20076] Resolved module firebase-admin {"declared":true,"installed":true,"version":"11.9.0","resolution":"C:\\Users\\aman1\\OneDrive\\Desktop\\React\\React Project\\woo-commerce-v2\\functions\\node_modules\\firebase-admin\\lib\\index.js"} {"metadata":{"emulator":{"name":"functions"},"function":{"name":"us-central1-api"},"extension":{},"message":"[runtime-status] [20076] Resolved module firebase-admin {\"declared\":true,\"installed\":true,\"version\":\"11.9.0\",\"resolution\":\"C:\\\\Users\\\\aman1\\\\OneDrive\\\\Desktop\\\\React\\\\React Project\\\\woo-commerce-v2\\\\functions\\\\node_modules\\\\firebase-admin\\\\lib\\\\index.js\"}"}}
[debug] [2023-06-29T07:34:20.770Z] [runtime-status] [20076] Resolved module firebase-functions {"declared":true,"installed":true,"version":"4.4.1","resolution":"C:\\Users\\aman1\\OneDrive\\Desktop\\React\\React Project\\woo-commerce-v2\\functions\\node_modules\\firebase-functions\\lib\\v1\\index.js"} {"metadata":{"emulator":{"name":"functions"},"function":{"name":"us-central1-api"},"extension":{},"message":"[runtime-status] [20076] Resolved module firebase-functions {\"declared\":true,\"installed\":true,\"version\":\"4.4.1\",\"resolution\":\"C:\\\\Users\\\\aman1\\\\OneDrive\\\\Desktop\\\\React\\\\React Project\\\\woo-commerce-v2\\\\functions\\\\node_modules\\\\firebase-functions\\\\lib\\\\v1\\\\index.js\"}"}}
[debug] [2023-06-29T07:34:20.770Z] [runtime-status] [20076] firebase-admin has been stubbed. {"adminResolution":{"declared":true,"installed":true,"version":"11.9.0","resolution":"C:\\Users\\aman1\\OneDrive\\Desktop\\React\\React Project\\woo-commerce-v2\\functions\\node_modules\\firebase-admin\\lib\\index.js"}} {"metadata":{"emulator":{"name":"functions"},"function":{"name":"us-central1-api"},"extension":{},"message":"[runtime-status] [20076] firebase-admin has been stubbed. {\"adminResolution\":{\"declared\":true,\"installed\":true,\"version\":\"11.9.0\",\"resolution\":\"C:\\\\Users\\\\aman1\\\\OneDrive\\\\Desktop\\\\React\\\\React Project\\\\woo-commerce-v2\\\\functions\\\\node_modules\\\\firebase-admin\\\\lib\\\\index.js\"}}"}}
[debug] [2023-06-29T07:34:20.995Z] [runtime-status] [20076] Functions runtime initialized. {"cwd":"C:\\Users\\aman1\\OneDrive\\Desktop\\React\\React Project\\woo-commerce-v2\\functions","node_version":"16.15.0"} {"metadata":{"emulator":{"name":"functions"},"function":{"name":"us-central1-api"},"extension":{},"message":"[runtime-status] [20076] Functions runtime initialized. {\"cwd\":\"C:\\\\Users\\\\aman1\\\\OneDrive\\\\Desktop\\\\React\\\\React Project\\\\woo-commerce-v2\\\\functions\",\"node_version\":\"16.15.0\"}"}}
[debug] [2023-06-29T07:34:20.997Z] [runtime-status] [20076] Listening to port: \\?\pipe\fire_emu_1848cf33a5271445 {"metadata":{"emulator":{"name":"functions"},"function":{"name":"us-central1-api"},"extension":{},"message":"[runtime-status] [20076] Listening to port: \\\\?\\pipe\\fire_emu_1848cf33a5271445"}}
[debug] [2023-06-29T07:34:21.091Z] [worker-us-central1-api-2a58bfbf-c794-4412-8d68-b4fa64928cbd]: IDLE {"metadata":{"emulator":{"name":"functions"},"function":{"name":"us-central1-api"},"extension":{},"message":"[worker-us-central1-api-2a58bfbf-c794-4412-8d68-b4fa64928cbd]: IDLE"}}
[debug] [2023-06-29T07:34:21.092Z] [worker-pool] submitRequest(triggerId=us-central1-api) {"metadata":{"emulator":{"name":"functions"},"message":"[worker-pool] submitRequest(triggerId=us-central1-api)"}}
[info] i  functions: Beginning execution of "us-central1-api" {"metadata":{"emulator":{"name":"functions"},"function":{"name":"us-central1-api"},"extension":{},"message":"Beginning execution of \"us-central1-api\""}}
[debug] [2023-06-29T07:34:21.093Z] [worker-us-central1-api-2a58bfbf-c794-4412-8d68-b4fa64928cbd]: BUSY {"metadata":{"emulator":{"name":"functions"},"function":{"name":"us-central1-api"},"extension":{},"message":"[worker-us-central1-api-2a58bfbf-c794-4412-8d68-b4fa64928cbd]: BUSY"}}
[debug] [2023-06-29T07:34:21.100Z] Finishing up request with event=pause {"metadata":{"emulator":{"name":"functions"},"function":{"name":"us-central1-api"},"extension":{},"message":"Finishing up request with event=pause"}}
[info] i  functions: Finished "us-central1-api" in 8.0487ms {"metadata":{"emulator":{"name":"functions"},"function":{"name":"us-central1-api"},"extension":{},"message":"Finished \"us-central1-api\" in 8.0487ms"}}
[debug] [2023-06-29T07:34:21.103Z] [worker-us-central1-api-2a58bfbf-c794-4412-8d68-b4fa64928cbd]: IDLE {"metadata":{"emulator":{"name":"functions"},"function":{"name":"us-central1-api"},"extension":{},"message":"[worker-us-central1-api-2a58bfbf-c794-4412-8d68-b4fa64928cbd]: IDLE"}}
[debug] [2023-06-29T07:34:21.103Z] Finishing up request with event=finish {"metadata":{"emulator":{"name":"functions"},"function":{"name":"us-central1-api"},"extension":{},"message":"Finishing up request with event=finish"}}
[debug] [2023-06-29T07:34:21.103Z] Finishing up request with event=close {"metadata":{"emulator":{"name":"functions"},"function":{"name":"us-central1-api"},"extension":{},"message":"Finishing up request with event=close"}}
[debug] [2023-06-29T07:34:21.104Z] [work-queue] {"queuedWork":[],"queueLength":0,"runningWork":[],"workRunningCount":0}
[debug] [2023-06-29T07:34:21.138Z] Functions emulator received unknown request at path /favicon.ico
[debug] [2023-06-29T07:34:46.422Z] File C:\Users\aman1\OneDrive\Desktop\React\React Project\woo-commerce-v2\functions\index.js changed, reloading triggers {"metadata":{"emulator":{"name":"functions"},"message":"File C:\\Users\\aman1\\OneDrive\\Desktop\\React\\React Project\\woo-commerce-v2\\functions\\index.js changed, reloading triggers"}}
[debug] [2023-06-29T07:34:47.430Z] Validating nodejs source
[debug] [2023-06-29T07:34:48.772Z] > [functions] package.json contents: {
  "name": "functions",
  "description": "Cloud Functions for Firebase",
  "scripts": {
    "lint": "eslint .",
    "serve": "firebase emulators:start --only functions",
    "shell": "firebase functions:shell",
    "start": "npm run shell",
    "deploy": "firebase deploy --only functions",
    "logs": "firebase functions:log"
  },
  "engines": {
    "node": "18"
  },
  "main": "index.js",
  "dependencies": {
    "cors": "^2.8.5",
    "express": "^4.18.2",
    "firebase-admin": "^11.8.0",
    "firebase-functions": "^4.3.1",
    "firebase-tools": "^12.4.0",
    "stripe": "^12.10.0"
  },
  "devDependencies": {
    "eslint": "^8.15.0",
    "eslint-config-google": "^0.14.0",
    "firebase-functions-test": "^3.1.0"
  },
  "private": true
}
[debug] [2023-06-29T07:34:48.772Z] Building nodejs source
[debug] [2023-06-29T07:34:48.772Z] Failed to find version of module node: reached end of search path C:\Users\aman1\OneDrive\Desktop\React\React Project\woo-commerce-v2\functions\node_modules
[warn] !  functions: Your requested "node" version "18" doesn't match your global version "16". Using node@16 from host. 
[debug] [2023-06-29T07:34:48.774Z] Could not find functions.yaml. Must use http discovery
[debug] [2023-06-29T07:34:48.779Z] Found firebase-functions binary at 'C:\Users\aman1\OneDrive\Desktop\React\React Project\woo-commerce-v2\functions\node_modules\.bin\firebase-functions'
[debug] [2023-06-29T07:34:49.023Z] Serving at port 8374

[debug] [2023-06-29T07:34:49.424Z] Got response from /__/functions.yaml {"endpoints":{"api":{"platform":"gcfv1","availableMemoryMb":null,"timeoutSeconds":null,"minInstances":null,"maxInstances":null,"ingressSettings":null,"serviceAccountEmail":null,"vpc":null,"httpsTrigger":{},"entryPoint":"api"}},"specVersion":"v1alpha1","requiredAPIs":[]}
[debug] [2023-06-29T07:34:49.428Z] shutdown requested via /__/quitquitquit

[info] +  functions: Loaded functions definitions from source: api. {"metadata":{"emulator":{"name":"functions"},"message":"Loaded functions definitions from source: api."}}
[debug] [2023-06-29T07:34:49.438Z] [worker-pool] Shutting down IDLE worker (us-central1-api) {"metadata":{"emulator":{"name":"functions"},"message":"[worker-pool] Shutting down IDLE worker (us-central1-api)"}}
[debug] [2023-06-29T07:34:49.439Z] [worker-us-central1-api-2a58bfbf-c794-4412-8d68-b4fa64928cbd]: FINISHING {"metadata":{"emulator":{"name":"functions"},"function":{"name":"us-central1-api"},"extension":{},"message":"[worker-us-central1-api-2a58bfbf-c794-4412-8d68-b4fa64928cbd]: FINISHING"}}
[debug] [2023-06-29T07:34:49.447Z] [worker-us-central1-api-2a58bfbf-c794-4412-8d68-b4fa64928cbd]: exited {"metadata":{"emulator":{"name":"functions"},"function":{"name":"us-central1-api"},"extension":{},"message":"[worker-us-central1-api-2a58bfbf-c794-4412-8d68-b4fa64928cbd]: exited"}}
[debug] [2023-06-29T07:34:49.447Z] [worker-us-central1-api-2a58bfbf-c794-4412-8d68-b4fa64928cbd]: FINISHED {"metadata":{"emulator":{"name":"functions"},"function":{"name":"us-central1-api"},"extension":{},"message":"[worker-us-central1-api-2a58bfbf-c794-4412-8d68-b4fa64928cbd]: FINISHED"}}
[debug] [2023-06-29T07:41:09.750Z] File C:\Users\aman1\OneDrive\Desktop\React\React Project\woo-commerce-v2\functions\index.js changed, reloading triggers {"metadata":{"emulator":{"name":"functions"},"message":"File C:\\Users\\aman1\\OneDrive\\Desktop\\React\\React Project\\woo-commerce-v2\\functions\\index.js changed, reloading triggers"}}
[debug] [2023-06-29T07:41:10.767Z] Validating nodejs source
[debug] [2023-06-29T07:41:12.275Z] > [functions] package.json contents: {
  "name": "functions",
  "description": "Cloud Functions for Firebase",
  "scripts": {
    "lint": "eslint .",
    "serve": "firebase emulators:start --only functions",
    "shell": "firebase functions:shell",
    "start": "npm run shell",
    "deploy": "firebase deploy --only functions",
    "logs": "firebase functions:log"
  },
  "engines": {
    "node": "18"
  },
  "main": "index.js",
  "dependencies": {
    "cors": "^2.8.5",
    "express": "^4.18.2",
    "firebase-admin": "^11.8.0",
    "firebase-functions": "^4.3.1",
    "firebase-tools": "^12.4.0",
    "stripe": "^12.10.0"
  },
  "devDependencies": {
    "eslint": "^8.15.0",
    "eslint-config-google": "^0.14.0",
    "firebase-functions-test": "^3.1.0"
  },
  "private": true
}
[debug] [2023-06-29T07:41:12.276Z] Building nodejs source
[debug] [2023-06-29T07:41:12.276Z] Failed to find version of module node: reached end of search path C:\Users\aman1\OneDrive\Desktop\React\React Project\woo-commerce-v2\functions\node_modules
[warn] !  functions: Your requested "node" version "18" doesn't match your global version "16". Using node@16 from host. 
[debug] [2023-06-29T07:41:12.278Z] Could not find functions.yaml. Must use http discovery
[debug] [2023-06-29T07:41:12.284Z] Found firebase-functions binary at 'C:\Users\aman1\OneDrive\Desktop\React\React Project\woo-commerce-v2\functions\node_modules\.bin\firebase-functions'
[debug] [2023-06-29T07:41:12.554Z] Serving at port 8126

[debug] [2023-06-29T07:41:13.083Z] Got response from /__/functions.yaml {"endpoints":{"api":{"platform":"gcfv1","availableMemoryMb":null,"timeoutSeconds":null,"minInstances":null,"maxInstances":null,"ingressSettings":null,"serviceAccountEmail":null,"vpc":null,"httpsTrigger":{},"entryPoint":"api"}},"specVersion":"v1alpha1","requiredAPIs":[]}
[debug] [2023-06-29T07:41:13.087Z] shutdown requested via /__/quitquitquit

[info] +  functions: Loaded functions definitions from source: api. {"metadata":{"emulator":{"name":"functions"},"message":"Loaded functions definitions from source: api."}}
[debug] [2023-06-29T07:45:39.344Z] File C:\Users\aman1\OneDrive\Desktop\React\React Project\woo-commerce-v2\functions\index.js changed, reloading triggers {"metadata":{"emulator":{"name":"functions"},"message":"File C:\\Users\\aman1\\OneDrive\\Desktop\\React\\React Project\\woo-commerce-v2\\functions\\index.js changed, reloading triggers"}}
[debug] [2023-06-29T07:45:40.355Z] Validating nodejs source
[debug] [2023-06-29T07:45:41.876Z] > [functions] package.json contents: {
  "name": "functions",
  "description": "Cloud Functions for Firebase",
  "scripts": {
    "lint": "eslint .",
    "serve": "firebase emulators:start --only functions",
    "shell": "firebase functions:shell",
    "start": "npm run shell",
    "deploy": "firebase deploy --only functions",
    "logs": "firebase functions:log"
  },
  "engines": {
    "node": "18"
  },
  "main": "index.js",
  "dependencies": {
    "cors": "^2.8.5",
    "express": "^4.18.2",
    "firebase-admin": "^11.8.0",
    "firebase-functions": "^4.3.1",
    "firebase-tools": "^12.4.0",
    "stripe": "^12.10.0"
  },
  "devDependencies": {
    "eslint": "^8.15.0",
    "eslint-config-google": "^0.14.0",
    "firebase-functions-test": "^3.1.0"
  },
  "private": true
}
[debug] [2023-06-29T07:45:41.876Z] Building nodejs source
[debug] [2023-06-29T07:45:41.876Z] Failed to find version of module node: reached end of search path C:\Users\aman1\OneDrive\Desktop\React\React Project\woo-commerce-v2\functions\node_modules
[warn] !  functions: Your requested "node" version "18" doesn't match your global version "16". Using node@16 from host. 
[debug] [2023-06-29T07:45:41.878Z] Could not find functions.yaml. Must use http discovery
[debug] [2023-06-29T07:45:41.883Z] Found firebase-functions binary at 'C:\Users\aman1\OneDrive\Desktop\React\React Project\woo-commerce-v2\functions\node_modules\.bin\firebase-functions'
[debug] [2023-06-29T07:45:42.204Z] Serving at port 8410

[debug] [2023-06-29T07:45:42.677Z] Got response from /__/functions.yaml {"endpoints":{"api":{"platform":"gcfv1","availableMemoryMb":null,"timeoutSeconds":null,"minInstances":null,"maxInstances":null,"ingressSettings":null,"serviceAccountEmail":null,"vpc":null,"httpsTrigger":{},"entryPoint":"api"}},"specVersion":"v1alpha1","requiredAPIs":[]}
[debug] [2023-06-29T07:45:42.681Z] shutdown requested via /__/quitquitquit

[info] +  functions: Loaded functions definitions from source: api. {"metadata":{"emulator":{"name":"functions"},"message":"Loaded functions definitions from source: api."}}
[debug] [2023-06-29T08:03:49.682Z] File C:\Users\aman1\OneDrive\Desktop\React\React Project\woo-commerce-v2\functions\index.js changed, reloading triggers {"metadata":{"emulator":{"name":"functions"},"message":"File C:\\Users\\aman1\\OneDrive\\Desktop\\React\\React Project\\woo-commerce-v2\\functions\\index.js changed, reloading triggers"}}
[debug] [2023-06-29T08:03:50.692Z] Validating nodejs source
[debug] [2023-06-29T08:03:52.284Z] > [functions] package.json contents: {
  "name": "functions",
  "description": "Cloud Functions for Firebase",
  "scripts": {
    "lint": "eslint .",
    "serve": "firebase emulators:start --only functions",
    "shell": "firebase functions:shell",
    "start": "npm run shell",
    "deploy": "firebase deploy --only functions",
    "logs": "firebase functions:log"
  },
  "engines": {
    "node": "18"
  },
  "main": "index.js",
  "dependencies": {
    "cors": "^2.8.5",
    "express": "^4.18.2",
    "firebase-admin": "^11.8.0",
    "firebase-functions": "^4.3.1",
    "firebase-tools": "^12.4.0",
    "stripe": "^12.10.0"
  },
  "devDependencies": {
    "eslint": "^8.15.0",
    "eslint-config-google": "^0.14.0",
    "firebase-functions-test": "^3.1.0"
  },
  "private": true
}
[debug] [2023-06-29T08:03:52.285Z] Building nodejs source
[debug] [2023-06-29T08:03:52.285Z] Failed to find version of module node: reached end of search path C:\Users\aman1\OneDrive\Desktop\React\React Project\woo-commerce-v2\functions\node_modules
[warn] !  functions: Your requested "node" version "18" doesn't match your global version "16". Using node@16 from host. 
[debug] [2023-06-29T08:03:52.287Z] Could not find functions.yaml. Must use http discovery
[debug] [2023-06-29T08:03:52.294Z] Found firebase-functions binary at 'C:\Users\aman1\OneDrive\Desktop\React\React Project\woo-commerce-v2\functions\node_modules\.bin\firebase-functions'
[debug] [2023-06-29T08:03:52.596Z] Serving at port 8309

[debug] [2023-06-29T08:03:53.184Z] Got response from /__/functions.yaml {"endpoints":{"api":{"platform":"gcfv1","availableMemoryMb":null,"timeoutSeconds":null,"minInstances":null,"maxInstances":null,"ingressSettings":null,"serviceAccountEmail":null,"vpc":null,"httpsTrigger":{},"entryPoint":"api"}},"specVersion":"v1alpha1","requiredAPIs":[]}
[debug] [2023-06-29T08:03:53.188Z] shutdown requested via /__/quitquitquit

[info] +  functions: Loaded functions definitions from source: api. {"metadata":{"emulator":{"name":"functions"},"message":"Loaded functions definitions from source: api."}}
[debug] [2023-06-29T08:11:18.139Z] [work-queue] {"queuedWork":["/woo-commerce-941c8/us-central1/api/payments/create-2023-06-29T08:11:18.139Z"],"queueLength":1,"runningWork":[],"workRunningCount":0}
[debug] [2023-06-29T08:11:18.139Z] [work-queue] {"queuedWork":[],"queueLength":0,"runningWork":["/woo-commerce-941c8/us-central1/api/payments/create-2023-06-29T08:11:18.139Z"],"workRunningCount":1}
[debug] [2023-06-29T08:11:18.139Z] Accepted request POST /woo-commerce-941c8/us-central1/api/payments/create?total=3850 --> us-central1-api
[debug] [2023-06-29T08:11:18.143Z] [functions] Runtime ready! Sending request! {"metadata":{"emulator":{"name":"functions"},"message":"[functions] Runtime ready! Sending request!"}}
[debug] [2023-06-29T08:11:18.143Z] [functions] Got req.url=/woo-commerce-941c8/us-central1/api/payments/create?total=3850, mapping to path=/payments/create?total=3850 {"metadata":{"emulator":{"name":"functions"},"message":"[functions] Got req.url=/woo-commerce-941c8/us-central1/api/payments/create?total=3850, mapping to path=/payments/create?total=3850"}}
[debug] [2023-06-29T08:11:18.143Z] [worker-pool] Cleaned up workers for us-central1-api: 1 --> 0 {"metadata":{"emulator":{"name":"functions"},"message":"[worker-pool] Cleaned up workers for us-central1-api: 1 --> 0"}}
[debug] [2023-06-29T08:11:18.149Z] [worker-pool] addWorker(us-central1-api) {"metadata":{"emulator":{"name":"functions"},"message":"[worker-pool] addWorker(us-central1-api)"}}
[debug] [2023-06-29T08:11:18.150Z] [worker-pool] Adding worker with key us-central1-api, total=1 {"metadata":{"emulator":{"name":"functions"},"message":"[worker-pool] Adding worker with key us-central1-api, total=1"}}
[debug] [2023-06-29T08:11:20.099Z] [runtime-status] [3488] Resolved module firebase-admin {"declared":true,"installed":true,"version":"11.9.0","resolution":"C:\\Users\\aman1\\OneDrive\\Desktop\\React\\React Project\\woo-commerce-v2\\functions\\node_modules\\firebase-admin\\lib\\index.js"} {"metadata":{"emulator":{"name":"functions"},"function":{"name":"us-central1-api"},"extension":{},"message":"[runtime-status] [3488] Resolved module firebase-admin {\"declared\":true,\"installed\":true,\"version\":\"11.9.0\",\"resolution\":\"C:\\\\Users\\\\aman1\\\\OneDrive\\\\Desktop\\\\React\\\\React Project\\\\woo-commerce-v2\\\\functions\\\\node_modules\\\\firebase-admin\\\\lib\\\\index.js\"}"}}
[debug] [2023-06-29T08:11:20.101Z] [runtime-status] [3488] Resolved module firebase-functions {"declared":true,"installed":true,"version":"4.4.1","resolution":"C:\\Users\\aman1\\OneDrive\\Desktop\\React\\React Project\\woo-commerce-v2\\functions\\node_modules\\firebase-functions\\lib\\v1\\index.js"} {"metadata":{"emulator":{"name":"functions"},"function":{"name":"us-central1-api"},"extension":{},"message":"[runtime-status] [3488] Resolved module firebase-functions {\"declared\":true,\"installed\":true,\"version\":\"4.4.1\",\"resolution\":\"C:\\\\Users\\\\aman1\\\\OneDrive\\\\Desktop\\\\React\\\\React Project\\\\woo-commerce-v2\\\\functions\\\\node_modules\\\\firebase-functions\\\\lib\\\\v1\\\\index.js\"}"}}
[debug] [2023-06-29T08:11:20.101Z] [runtime-status] [3488] Outgoing network have been stubbed. [{"name":"http","status":"mocked"},{"name":"http","status":"mocked"},{"name":"https","status":"mocked"},{"name":"https","status":"mocked"},{"name":"net","status":"mocked"}] {"metadata":{"emulator":{"name":"functions"},"function":{"name":"us-central1-api"},"extension":{},"message":"[runtime-status] [3488] Outgoing network have been stubbed. [{\"name\":\"http\",\"status\":\"mocked\"},{\"name\":\"http\",\"status\":\"mocked\"},{\"name\":\"https\",\"status\":\"mocked\"},{\"name\":\"https\",\"status\":\"mocked\"},{\"name\":\"net\",\"status\":\"mocked\"}]"}}
[debug] [2023-06-29T08:11:20.103Z] [runtime-status] [3488] Resolved module firebase-functions {"declared":true,"installed":true,"version":"4.4.1","resolution":"C:\\Users\\aman1\\OneDrive\\Desktop\\React\\React Project\\woo-commerce-v2\\functions\\node_modules\\firebase-functions\\lib\\v1\\index.js"} {"metadata":{"emulator":{"name":"functions"},"function":{"name":"us-central1-api"},"extension":{},"message":"[runtime-status] [3488] Resolved module firebase-functions {\"declared\":true,\"installed\":true,\"version\":\"4.4.1\",\"resolution\":\"C:\\\\Users\\\\aman1\\\\OneDrive\\\\Desktop\\\\React\\\\React Project\\\\woo-commerce-v2\\\\functions\\\\node_modules\\\\firebase-functions\\\\lib\\\\v1\\\\index.js\"}"}}
[debug] [2023-06-29T08:11:20.543Z] [runtime-status] [3488] Checked functions.config() {"config":{}} {"metadata":{"emulator":{"name":"functions"},"function":{"name":"us-central1-api"},"extension":{},"message":"[runtime-status] [3488] Checked functions.config() {\"config\":{}}"}}
[debug] [2023-06-29T08:11:20.544Z] [runtime-status] [3488] firebase-functions has been stubbed. {"functionsResolution":{"declared":true,"installed":true,"version":"4.4.1","resolution":"C:\\Users\\aman1\\OneDrive\\Desktop\\React\\React Project\\woo-commerce-v2\\functions\\node_modules\\firebase-functions\\lib\\v1\\index.js"}} {"metadata":{"emulator":{"name":"functions"},"function":{"name":"us-central1-api"},"extension":{},"message":"[runtime-status] [3488] firebase-functions has been stubbed. {\"functionsResolution\":{\"declared\":true,\"installed\":true,\"version\":\"4.4.1\",\"resolution\":\"C:\\\\Users\\\\aman1\\\\OneDrive\\\\Desktop\\\\React\\\\React Project\\\\woo-commerce-v2\\\\functions\\\\node_modules\\\\firebase-functions\\\\lib\\\\v1\\\\index.js\"}}"}}
[debug] [2023-06-29T08:11:20.545Z] [runtime-status] [3488] Resolved module firebase-functions {"declared":true,"installed":true,"version":"4.4.1","resolution":"C:\\Users\\aman1\\OneDrive\\Desktop\\React\\React Project\\woo-commerce-v2\\functions\\node_modules\\firebase-functions\\lib\\v1\\index.js"} {"metadata":{"emulator":{"name":"functions"},"function":{"name":"us-central1-api"},"extension":{},"message":"[runtime-status] [3488] Resolved module firebase-functions {\"declared\":true,\"installed\":true,\"version\":\"4.4.1\",\"resolution\":\"C:\\\\Users\\\\aman1\\\\OneDrive\\\\Desktop\\\\React\\\\React Project\\\\woo-commerce-v2\\\\functions\\\\node_modules\\\\firebase-functions\\\\lib\\\\v1\\\\index.js\"}"}}
[debug] [2023-06-29T08:11:20.547Z] [runtime-status] [3488] Resolved module firebase-admin {"declared":true,"installed":true,"version":"11.9.0","resolution":"C:\\Users\\aman1\\OneDrive\\Desktop\\React\\React Project\\woo-commerce-v2\\functions\\node_modules\\firebase-admin\\lib\\index.js"} {"metadata":{"emulator":{"name":"functions"},"function":{"name":"us-central1-api"},"extension":{},"message":"[runtime-status] [3488] Resolved module firebase-admin {\"declared\":true,\"installed\":true,\"version\":\"11.9.0\",\"resolution\":\"C:\\\\Users\\\\aman1\\\\OneDrive\\\\Desktop\\\\React\\\\React Project\\\\woo-commerce-v2\\\\functions\\\\node_modules\\\\firebase-admin\\\\lib\\\\index.js\"}"}}
[debug] [2023-06-29T08:11:20.552Z] [runtime-status] [3488] Resolved module firebase-functions {"declared":true,"installed":true,"version":"4.4.1","resolution":"C:\\Users\\aman1\\OneDrive\\Desktop\\React\\React Project\\woo-commerce-v2\\functions\\node_modules\\firebase-functions\\lib\\v1\\index.js"} {"metadata":{"emulator":{"name":"functions"},"function":{"name":"us-central1-api"},"extension":{},"message":"[runtime-status] [3488] Resolved module firebase-functions {\"declared\":true,\"installed\":true,\"version\":\"4.4.1\",\"resolution\":\"C:\\\\Users\\\\aman1\\\\OneDrive\\\\Desktop\\\\React\\\\React Project\\\\woo-commerce-v2\\\\functions\\\\node_modules\\\\firebase-functions\\\\lib\\\\v1\\\\index.js\"}"}}
[debug] [2023-06-29T08:11:20.553Z] [runtime-status] [3488] firebase-admin has been stubbed. {"adminResolution":{"declared":true,"installed":true,"version":"11.9.0","resolution":"C:\\Users\\aman1\\OneDrive\\Desktop\\React\\React Project\\woo-commerce-v2\\functions\\node_modules\\firebase-admin\\lib\\index.js"}} {"metadata":{"emulator":{"name":"functions"},"function":{"name":"us-central1-api"},"extension":{},"message":"[runtime-status] [3488] firebase-admin has been stubbed. {\"adminResolution\":{\"declared\":true,\"installed\":true,\"version\":\"11.9.0\",\"resolution\":\"C:\\\\Users\\\\aman1\\\\OneDrive\\\\Desktop\\\\React\\\\React Project\\\\woo-commerce-v2\\\\functions\\\\node_modules\\\\firebase-admin\\\\lib\\\\index.js\"}}"}}
[debug] [2023-06-29T08:11:20.868Z] [runtime-status] [3488] Functions runtime initialized. {"cwd":"C:\\Users\\aman1\\OneDrive\\Desktop\\React\\React Project\\woo-commerce-v2\\functions","node_version":"16.15.0"} {"metadata":{"emulator":{"name":"functions"},"function":{"name":"us-central1-api"},"extension":{},"message":"[runtime-status] [3488] Functions runtime initialized. {\"cwd\":\"C:\\\\Users\\\\aman1\\\\OneDrive\\\\Desktop\\\\React\\\\React Project\\\\woo-commerce-v2\\\\functions\",\"node_version\":\"16.15.0\"}"}}
[debug] [2023-06-29T08:11:20.869Z] [runtime-status] [3488] Listening to port: \\?\pipe\fire_emu_c8d4f773fd74be1d {"metadata":{"emulator":{"name":"functions"},"function":{"name":"us-central1-api"},"extension":{},"message":"[runtime-status] [3488] Listening to port: \\\\?\\pipe\\fire_emu_c8d4f773fd74be1d"}}
[debug] [2023-06-29T08:11:20.915Z] [worker-us-central1-api-e9070e8f-34f1-4e60-bc59-04ea74dcd1e5]: IDLE {"metadata":{"emulator":{"name":"functions"},"function":{"name":"us-central1-api"},"extension":{},"message":"[worker-us-central1-api-e9070e8f-34f1-4e60-bc59-04ea74dcd1e5]: IDLE"}}
[debug] [2023-06-29T08:11:20.916Z] [worker-pool] submitRequest(triggerId=us-central1-api) {"metadata":{"emulator":{"name":"functions"},"message":"[worker-pool] submitRequest(triggerId=us-central1-api)"}}
[info] i  functions: Beginning execution of "us-central1-api" {"metadata":{"emulator":{"name":"functions"},"function":{"name":"us-central1-api"},"extension":{},"message":"Beginning execution of \"us-central1-api\""}}
[debug] [2023-06-29T08:11:20.917Z] [worker-us-central1-api-e9070e8f-34f1-4e60-bc59-04ea74dcd1e5]: BUSY {"metadata":{"emulator":{"name":"functions"},"function":{"name":"us-central1-api"},"extension":{},"message":"[worker-us-central1-api-e9070e8f-34f1-4e60-bc59-04ea74dcd1e5]: BUSY"}}
[info] >  payment for order is ::   3850 {"user":"payment for order is ::   3850","metadata":{"emulator":{"name":"functions"},"function":{"name":"us-central1-api"},"extension":{},"message":"\u001b[90m> \u001b[39m payment for order is ::   3850"}}
[debug] [2023-06-29T08:11:21.544Z] Finishing up request with event=pause {"metadata":{"emulator":{"name":"functions"},"function":{"name":"us-central1-api"},"extension":{},"message":"Finishing up request with event=pause"}}
[info] i  functions: Finished "us-central1-api" in 627.6367ms {"metadata":{"emulator":{"name":"functions"},"function":{"name":"us-central1-api"},"extension":{},"message":"Finished \"us-central1-api\" in 627.6367ms"}}
[debug] [2023-06-29T08:11:21.546Z] [worker-us-central1-api-e9070e8f-34f1-4e60-bc59-04ea74dcd1e5]: IDLE {"metadata":{"emulator":{"name":"functions"},"function":{"name":"us-central1-api"},"extension":{},"message":"[worker-us-central1-api-e9070e8f-34f1-4e60-bc59-04ea74dcd1e5]: IDLE"}}
[debug] [2023-06-29T08:11:21.547Z] Finishing up request with event=finish {"metadata":{"emulator":{"name":"functions"},"function":{"name":"us-central1-api"},"extension":{},"message":"Finishing up request with event=finish"}}
[debug] [2023-06-29T08:11:21.547Z] Finishing up request with event=close {"metadata":{"emulator":{"name":"functions"},"function":{"name":"us-central1-api"},"extension":{},"message":"Finishing up request with event=close"}}
[debug] [2023-06-29T08:11:21.548Z] [work-queue] {"queuedWork":[],"queueLength":0,"runningWork":[],"workRunningCount":0}
